[debug] ----------------------------------------------------------------------
[debug] Command:      D:\Programs\NodeJSPortable\App\NodeJS\node.exe D:\Programs\NodeJSPortable\Data\node_modules\firebase-tools\bin\firebase deploy
[debug] CLI Version:  3.0.1
[debug] Platform:     win32
[debug] Node Version: v6.2.0
[debug] Time:         Mon Jun 13 2016 21:44:21 GMT+0700 (SE Asia Standard Time)
[debug] ----------------------------------------------------------------------
[debug] 
[debug] > command requires scopes: ["email","openid","https://www.googleapis.com/auth/cloudplatformprojects.readonly","https://www.googleapis.com/auth/firebase"]
[debug] > refreshing access token with scopes: ["email","https://www.googleapis.com/auth/cloudplatformprojects.readonly","https://www.googleapis.com/auth/firebase","openid"]
[debug] >>> HTTP REQUEST POST https://www.googleapis.com/oauth2/v3/token
[debug] <<< HTTP RESPONSE 200
[debug] >>> HTTP REQUEST GET https://admin.firebase.com/v1/projects/project-8028906416833366292 
[debug] <<< HTTP RESPONSE 200
[debug] >>> HTTP REQUEST GET https://admin.firebase.com/v1/database/project-8028906416833366292/tokens 
[debug] <<< HTTP RESPONSE 200
[info] 
[info] === Deploying to 'project-8028906416833366292'...
[info] 
[info] i  deploying database, hosting
[info] i  hosting: preparing build/bundled directory for upload...
[debug] >>> HTTP REQUEST PUT https://deploy.firebase.com/v1/hosting/project-8028906416833366292/uploads/-KK9DFV_VNjD5npExTtn?fileCount=882&message= 
